<?xml version="1.1" encoding="UTF-8"?>
<testsuite name="edu.cmu.sphinx.util.props.ComponentPropertyTest" tests="1" failures="0" errors="0" timestamp="2017-04-30T13:45:46" hostname="DESKTOP-UVL8R14" time="0.001">
  <properties/>
  <testcase name="testDefInstance" classname="edu.cmu.sphinx.util.props.ComponentPropertyTest" time="0.001"/>
  <system-out><![CDATA[]]></system-out>
  <system-err><![CDATA[]]></system-err>
</testsuite>
