<?xml version="1.1" encoding="UTF-8"?>
<testsuite name="edu.cmu.sphinx.fst.ComposeEpsilonTest" tests="1" failures="0" errors="0" timestamp="2017-04-30T13:45:46" hostname="DESKTOP-UVL8R14" time="0.024">
  <properties/>
  <testcase name="testCompose" classname="edu.cmu.sphinx.fst.ComposeEpsilonTest" time="0.024"/>
  <system-out><![CDATA[]]></system-out>
  <system-err><![CDATA[]]></system-err>
</testsuite>
