<?xml version="1.1" encoding="UTF-8"?>
<testsuite name="edu.cmu.sphinx.frontend.DataBlockerTest" tests="3" failures="0" errors="0" timestamp="2017-04-30T13:45:46" hostname="DESKTOP-UVL8R14" time="0.004">
  <properties/>
  <testcase name="skipLastSamples on DataBlockerTest" classname="edu.cmu.sphinx.frontend.DataBlockerTest" time="0.003"/>
  <testcase name="testLongInput on DataBlockerTest" classname="edu.cmu.sphinx.frontend.DataBlockerTest" time="0.001"/>
  <testcase name="testUsualInput on DataBlockerTest" classname="edu.cmu.sphinx.frontend.DataBlockerTest" time="0.0"/>
  <system-out><![CDATA[]]></system-out>
  <system-err><![CDATA[]]></system-err>
</testsuite>
