<?xml version="1.1" encoding="UTF-8"?>
<testsuite name="edu.cmu.sphinx.fst.ImportTest" tests="1" failures="0" errors="0" timestamp="2017-04-30T13:45:47" hostname="DESKTOP-UVL8R14" time="0.005">
  <properties/>
  <testcase name="testConvert" classname="edu.cmu.sphinx.fst.ImportTest" time="0.005"/>
  <system-out><![CDATA[]]></system-out>
  <system-err><![CDATA[Load Time: 0.0
]]></system-err>
</testsuite>
