<?xml version="1.1" encoding="UTF-8"?>
<testsuite name="edu.cmu.sphinx.fst.ProjectTest" tests="1" failures="0" errors="0" timestamp="2017-04-30T13:46:21" hostname="DESKTOP-UVL8R14" time="0.005">
  <properties/>
  <testcase name="testProject" classname="edu.cmu.sphinx.fst.ProjectTest" time="0.005"/>
  <system-out><![CDATA[Testing Project...
Testing Project Completed!

]]></system-out>
  <system-err><![CDATA[]]></system-err>
</testsuite>
