<?xml version="1.1" encoding="UTF-8"?>
<testsuite name="edu.cmu.sphinx.api.LiveRecognizerTest" tests="3" failures="0" errors="0" timestamp="2017-04-30T13:45:55" hostname="DESKTOP-UVL8R14" time="19.094">
  <properties/>
  <testcase name="testGram" classname="edu.cmu.sphinx.api.LiveRecognizerTest" time="16.843"/>
  <testcase name="testGramWeights" classname="edu.cmu.sphinx.api.LiveRecognizerTest" time="1.098"/>
  <testcase name="testLm" classname="edu.cmu.sphinx.api.LiveRecognizerTest" time="1.153"/>
  <system-out><![CDATA[]]></system-out>
  <system-err><![CDATA[13:45:56.149 INFO unitManager          CI Unit: *+NSN+
13:45:56.150 INFO unitManager          CI Unit: *+SPN+
13:45:56.150 INFO unitManager          CI Unit: AA
13:45:56.150 INFO unitManager          CI Unit: AE
13:45:56.150 INFO unitManager          CI Unit: AH
13:45:56.150 INFO unitManager          CI Unit: AO
13:45:56.150 INFO unitManager          CI Unit: AW
13:45:56.150 INFO unitManager          CI Unit: AY
13:45:56.150 INFO unitManager          CI Unit: B
13:45:56.150 INFO unitManager          CI Unit: CH
13:45:56.150 INFO unitManager          CI Unit: D
13:45:56.151 INFO unitManager          CI Unit: DH
13:45:56.151 INFO unitManager          CI Unit: EH
13:45:56.151 INFO unitManager          CI Unit: ER
13:45:56.151 INFO unitManager          CI Unit: EY
13:45:56.151 INFO unitManager          CI Unit: F
13:45:56.151 INFO unitManager          CI Unit: G
13:45:56.151 INFO unitManager          CI Unit: HH
13:45:56.151 INFO unitManager          CI Unit: IH
13:45:56.151 INFO unitManager          CI Unit: IY
13:45:56.151 INFO unitManager          CI Unit: JH
13:45:56.152 INFO unitManager          CI Unit: K
13:45:56.152 INFO unitManager          CI Unit: L
13:45:56.152 INFO unitManager          CI Unit: M
13:45:56.152 INFO unitManager          CI Unit: N
13:45:56.152 INFO unitManager          CI Unit: NG
13:45:56.152 INFO unitManager          CI Unit: OW
13:45:56.152 INFO unitManager          CI Unit: OY
13:45:56.153 INFO unitManager          CI Unit: P
13:45:56.153 INFO unitManager          CI Unit: R
13:45:56.153 INFO unitManager          CI Unit: S
13:45:56.153 INFO unitManager          CI Unit: SH
13:45:56.153 INFO unitManager          CI Unit: T
13:45:56.153 INFO unitManager          CI Unit: TH
13:45:56.153 INFO unitManager          CI Unit: UH
13:45:56.153 INFO unitManager          CI Unit: UW
13:45:56.154 INFO unitManager          CI Unit: V
13:45:56.154 INFO unitManager          CI Unit: W
13:45:56.154 INFO unitManager          CI Unit: Y
13:45:56.154 INFO unitManager          CI Unit: Z
13:45:56.154 INFO unitManager          CI Unit: ZH
13:45:56.665 INFO autoCepstrum         Cepstrum component auto-configured as follows: autoCepstrum {MelFrequencyFilterBank, Denoise, DiscreteCosineTransform2, Lifter}
13:45:56.668 INFO acousticModelLoader  Loading tied-state acoustic model from: jar:file:/mnt/c/Users/acarp/Documents/GitHub/AccentClassifyMe/cmusphinx-alignment-example/sphinx4/sphinx4-data/build/libs/sphinx4-data-5prealpha-SNAPSHOT.jar!/edu/cmu/sphinx/models/en-us/en-us
13:45:56.668 INFO acousticModelLoader  Pool means Entries: 16128
13:45:56.668 INFO acousticModelLoader  Pool variances Entries: 16128
13:45:56.668 INFO acousticModelLoader  Pool transition_matrices Entries: 42
13:45:56.668 INFO acousticModelLoader  Pool senones Entries: 5126
13:45:56.668 INFO acousticModelLoader  Gaussian weights: mixture_weights. Entries: 15378
13:45:56.668 INFO acousticModelLoader  Pool senones Entries: 5126
13:45:56.669 INFO acousticModelLoader  Context Independent Unit Entries: 42
13:45:56.669 INFO acousticModelLoader  HMM Manager: 137095 hmms
13:45:56.669 INFO acousticModel        CompositeSenoneSequences: 0
13:45:56.669 INFO dictionary           Loading dictionary from: jar:file:/mnt/c/Users/acarp/Documents/GitHub/AccentClassifyMe/cmusphinx-alignment-example/sphinx4/sphinx4-data/build/libs/sphinx4-data-5prealpha-SNAPSHOT.jar!/edu/cmu/sphinx/models/en-us/cmudict-en-us.dict
13:45:56.733 INFO dictionary           Loading filler dictionary from: jar:file:/mnt/c/Users/acarp/Documents/GitHub/AccentClassifyMe/cmusphinx-alignment-example/sphinx4/sphinx4-data/build/libs/sphinx4-data-5prealpha-SNAPSHOT.jar!/edu/cmu/sphinx/models/en-us/en-us/noisedict
13:46:12.043 INFO grXmlGrammar         Num nodes : 41
13:46:12.043 INFO grXmlGrammar         Num arcs  : 73
13:46:12.043 INFO grXmlGrammar         Avg arcs  : 1.7804878
13:46:12.168 INFO speedTracker         # ----------------------------- Timers----------------------------------------
13:46:12.168 INFO speedTracker         # Name               Count   CurTime   MinTime   MaxTime   AvgTime   TotTime   
13:46:12.168 INFO speedTracker         Frontend             184     0.0000s   0.0000s   0.0140s   0.0001s   0.0150s   
13:46:12.169 INFO speedTracker         grammarLoad          1       15.3100s  15.3100s  15.3100s  15.3100s  15.3100s  
13:46:12.169 INFO speedTracker         Compile              1       0.1110s   0.1110s   0.1110s   0.1110s   0.1110s   
13:46:12.169 INFO speedTracker         Create States        1       0.0330s   0.0330s   0.0330s   0.0330s   0.0330s   
13:46:12.169 INFO speedTracker         Collect Contexts     1       0.0010s   0.0010s   0.0010s   0.0010s   0.0010s   
13:46:12.169 INFO speedTracker         Expand States        1       0.0580s   0.0580s   0.0580s   0.0580s   0.0580s   
13:46:12.169 INFO speedTracker         Connect Nodes        1       0.0030s   0.0030s   0.0030s   0.0030s   0.0030s   
13:46:12.170 INFO speedTracker         Load Dictionary      1       0.0670s   0.0670s   0.0670s   0.0670s   0.0670s   
13:46:12.170 INFO speedTracker         Load Dictionary      1       0.0530s   0.0530s   0.0530s   0.0530s   0.0530s   
13:46:12.170 INFO speedTracker         Load AM              1       1.2040s   1.2040s   1.2040s   1.2040s   1.2040s   
13:46:12.170 INFO speedTracker         Load AM              1       1.0930s   1.0930s   1.0930s   1.0930s   1.0930s   
13:46:12.170 INFO speedTracker         Score                364     0.0000s   0.0000s   0.0140s   0.0010s   0.3640s   
13:46:12.171 INFO speedTracker         Prune                1272    0.0000s   0.0000s   0.0020s   0.0000s   0.0040s   
13:46:12.171 INFO speedTracker         Grow                 1274    0.0000s   0.0000s   1.0810s   0.0013s   1.6870s   
13:46:12.171 INFO speedTracker         Compile              1       0.2240s   0.2240s   0.2240s   0.2240s   0.2240s   
13:46:12.171 INFO speedTracker         Load Dictionary      1       0.0640s   0.0640s   0.0640s   0.0640s   0.0640s   
13:46:12.335 INFO speedTracker            This  Time Audio: 1.85s  Proc: 0.15s  Speed: 0.08 X real time
13:46:12.335 INFO speedTracker            Total Time Audio: 1.85s  Proc: 0.15s 0.08 X real time
13:46:12.335 INFO memoryTracker           Mem  Total: 865.00 Mb  Free: 247.37 Mb
13:46:12.335 INFO memoryTracker           Used: This: 617.63 Mb  Avg: 617.63 Mb  Max: 617.63 Mb
13:46:12.866 INFO unitManager          CI Unit: *+NSN+
13:46:12.866 INFO unitManager          CI Unit: *+SPN+
13:46:12.866 INFO unitManager          CI Unit: AA
13:46:12.866 INFO unitManager          CI Unit: AE
13:46:12.866 INFO unitManager          CI Unit: AH
13:46:12.866 INFO unitManager          CI Unit: AO
13:46:12.866 INFO unitManager          CI Unit: AW
13:46:12.866 INFO unitManager          CI Unit: AY
13:46:12.867 INFO unitManager          CI Unit: B
13:46:12.867 INFO unitManager          CI Unit: CH
13:46:12.867 INFO unitManager          CI Unit: D
13:46:12.867 INFO unitManager          CI Unit: DH
13:46:12.867 INFO unitManager          CI Unit: EH
13:46:12.867 INFO unitManager          CI Unit: ER
13:46:12.867 INFO unitManager          CI Unit: EY
13:46:12.867 INFO unitManager          CI Unit: F
13:46:12.867 INFO unitManager          CI Unit: G
13:46:12.867 INFO unitManager          CI Unit: HH
13:46:12.868 INFO unitManager          CI Unit: IH
13:46:12.868 INFO unitManager          CI Unit: IY
13:46:12.868 INFO unitManager          CI Unit: JH
13:46:12.868 INFO unitManager          CI Unit: K
13:46:12.868 INFO unitManager          CI Unit: L
13:46:12.868 INFO unitManager          CI Unit: M
13:46:12.868 INFO unitManager          CI Unit: N
13:46:12.868 INFO unitManager          CI Unit: NG
13:46:12.868 INFO unitManager          CI Unit: OW
13:46:12.868 INFO unitManager          CI Unit: OY
13:46:12.869 INFO unitManager          CI Unit: P
13:46:12.869 INFO unitManager          CI Unit: R
13:46:12.869 INFO unitManager          CI Unit: S
13:46:12.869 INFO unitManager          CI Unit: SH
13:46:12.869 INFO unitManager          CI Unit: T
13:46:12.869 INFO unitManager          CI Unit: TH
13:46:12.869 INFO unitManager          CI Unit: UH
13:46:12.869 INFO unitManager          CI Unit: UW
13:46:12.869 INFO unitManager          CI Unit: V
13:46:12.869 INFO unitManager          CI Unit: W
13:46:12.870 INFO unitManager          CI Unit: Y
13:46:12.870 INFO unitManager          CI Unit: Z
13:46:12.870 INFO unitManager          CI Unit: ZH
13:46:13.264 INFO autoCepstrum         Cepstrum component auto-configured as follows: autoCepstrum {MelFrequencyFilterBank, Denoise, DiscreteCosineTransform2, Lifter}
13:46:13.266 INFO acousticModelLoader  Loading tied-state acoustic model from: jar:file:/mnt/c/Users/acarp/Documents/GitHub/AccentClassifyMe/cmusphinx-alignment-example/sphinx4/sphinx4-data/build/libs/sphinx4-data-5prealpha-SNAPSHOT.jar!/edu/cmu/sphinx/models/en-us/en-us
13:46:13.266 INFO acousticModelLoader  Pool means Entries: 16128
13:46:13.266 INFO acousticModelLoader  Pool variances Entries: 16128
13:46:13.266 INFO acousticModelLoader  Pool transition_matrices Entries: 42
13:46:13.266 INFO acousticModelLoader  Pool senones Entries: 5126
13:46:13.266 INFO acousticModelLoader  Gaussian weights: mixture_weights. Entries: 15378
13:46:13.267 INFO acousticModelLoader  Pool senones Entries: 5126
13:46:13.267 INFO acousticModelLoader  Context Independent Unit Entries: 42
13:46:13.267 INFO acousticModelLoader  HMM Manager: 137095 hmms
13:46:13.267 INFO acousticModel        CompositeSenoneSequences: 0
13:46:13.267 INFO dictionary           Loading dictionary from: jar:file:/mnt/c/Users/acarp/Documents/GitHub/AccentClassifyMe/cmusphinx-alignment-example/sphinx4/sphinx4-data/build/libs/sphinx4-data-5prealpha-SNAPSHOT.jar!/edu/cmu/sphinx/models/en-us/cmudict-en-us.dict
13:46:13.317 INFO dictionary           Loading filler dictionary from: jar:file:/mnt/c/Users/acarp/Documents/GitHub/AccentClassifyMe/cmusphinx-alignment-example/sphinx4/sphinx4-data/build/libs/sphinx4-data-5prealpha-SNAPSHOT.jar!/edu/cmu/sphinx/models/en-us/en-us/noisedict
13:46:13.344 INFO jsgfGrammar          Num nodes : 16
13:46:13.344 INFO jsgfGrammar          Num arcs  : 22
13:46:13.344 INFO jsgfGrammar          Avg arcs  : 1.375
13:46:13.352 INFO speedTracker         # ----------------------------- Timers----------------------------------------
13:46:13.353 INFO speedTracker         # Name               Count   CurTime   MinTime   MaxTime   AvgTime   TotTime   
13:46:13.353 INFO speedTracker         Frontend             184     0.0000s   0.0000s   0.0140s   0.0001s   0.0150s   
13:46:13.353 INFO speedTracker         Load Dictionary      1       0.0510s   0.0510s   0.0510s   0.0510s   0.0510s   
13:46:13.353 INFO speedTracker         Load Dictionary      1       0.0670s   0.0670s   0.0670s   0.0670s   0.0670s   
13:46:13.353 INFO speedTracker         Load Dictionary      1       0.0530s   0.0530s   0.0530s   0.0530s   0.0530s   
13:46:13.353 INFO speedTracker         Compile              1       0.0080s   0.0080s   0.0080s   0.0080s   0.0080s   
13:46:13.353 INFO speedTracker         Create States        1       0.0000s   0.0000s   0.0000s   0.0000s   0.0000s   
13:46:13.354 INFO speedTracker         Collect Contexts     1       0.0000s   0.0000s   0.0000s   0.0000s   0.0000s   
13:46:13.354 INFO speedTracker         Expand States        1       0.0040s   0.0040s   0.0040s   0.0040s   0.0040s   
13:46:13.354 INFO speedTracker         Connect Nodes        1       0.0010s   0.0010s   0.0010s   0.0010s   0.0010s   
13:46:13.354 INFO speedTracker         grammarLoad          1       0.0260s   0.0260s   0.0260s   0.0260s   0.0260s   
13:46:13.354 INFO speedTracker         Load AM              1       1.2040s   1.2040s   1.2040s   1.2040s   1.2040s   
13:46:13.354 INFO speedTracker         Score                364     0.0000s   0.0000s   0.0140s   0.0010s   0.3640s   
13:46:13.355 INFO speedTracker         Prune                1272    0.0000s   0.0000s   0.0020s   0.0000s   0.0040s   
13:46:13.355 INFO speedTracker         Grow                 1274    0.0000s   0.0000s   1.0810s   0.0013s   1.6870s   
13:46:13.355 INFO speedTracker         Compile              1       0.2240s   0.2240s   0.2240s   0.2240s   0.2240s   
13:46:13.355 INFO speedTracker         Load AM              1       0.8870s   0.8870s   0.8870s   0.8870s   0.8870s   
13:46:13.434 INFO speedTracker            This  Time Audio: 1.85s  Proc: 0.07s  Speed: 0.04 X real time
13:46:13.434 INFO speedTracker            Total Time Audio: 1.85s  Proc: 0.07s 0.04 X real time
13:46:13.434 INFO memoryTracker           Mem  Total: 848.00 Mb  Free: 480.24 Mb
13:46:13.435 INFO memoryTracker           Used: This: 367.76 Mb  Avg: 367.76 Mb  Max: 367.76 Mb
13:46:13.910 INFO unitManager          CI Unit: *+NSN+
13:46:13.910 INFO unitManager          CI Unit: *+SPN+
13:46:13.910 INFO unitManager          CI Unit: AA
13:46:13.910 INFO unitManager          CI Unit: AE
13:46:13.910 INFO unitManager          CI Unit: AH
13:46:13.911 INFO unitManager          CI Unit: AO
13:46:13.911 INFO unitManager          CI Unit: AW
13:46:13.911 INFO unitManager          CI Unit: AY
13:46:13.911 INFO unitManager          CI Unit: B
13:46:13.911 INFO unitManager          CI Unit: CH
13:46:13.911 INFO unitManager          CI Unit: D
13:46:13.911 INFO unitManager          CI Unit: DH
13:46:13.911 INFO unitManager          CI Unit: EH
13:46:13.911 INFO unitManager          CI Unit: ER
13:46:13.912 INFO unitManager          CI Unit: EY
13:46:13.912 INFO unitManager          CI Unit: F
13:46:13.912 INFO unitManager          CI Unit: G
13:46:13.912 INFO unitManager          CI Unit: HH
13:46:13.912 INFO unitManager          CI Unit: IH
13:46:13.912 INFO unitManager          CI Unit: IY
13:46:13.912 INFO unitManager          CI Unit: JH
13:46:13.912 INFO unitManager          CI Unit: K
13:46:13.912 INFO unitManager          CI Unit: L
13:46:13.913 INFO unitManager          CI Unit: M
13:46:13.913 INFO unitManager          CI Unit: N
13:46:13.913 INFO unitManager          CI Unit: NG
13:46:13.913 INFO unitManager          CI Unit: OW
13:46:13.913 INFO unitManager          CI Unit: OY
13:46:13.913 INFO unitManager          CI Unit: P
13:46:13.913 INFO unitManager          CI Unit: R
13:46:13.913 INFO unitManager          CI Unit: S
13:46:13.913 INFO unitManager          CI Unit: SH
13:46:13.913 INFO unitManager          CI Unit: T
13:46:13.914 INFO unitManager          CI Unit: TH
13:46:13.914 INFO unitManager          CI Unit: UH
13:46:13.914 INFO unitManager          CI Unit: UW
13:46:13.914 INFO unitManager          CI Unit: V
13:46:13.914 INFO unitManager          CI Unit: W
13:46:13.914 INFO unitManager          CI Unit: Y
13:46:13.914 INFO unitManager          CI Unit: Z
13:46:13.914 INFO unitManager          CI Unit: ZH
13:46:14.241 INFO autoCepstrum         Cepstrum component auto-configured as follows: autoCepstrum {MelFrequencyFilterBank, Denoise, DiscreteCosineTransform2, Lifter}
13:46:14.248 INFO dictionary           Loading dictionary from: file:/mnt/c/Users/acarp/Documents/GitHub/AccentClassifyMe/cmusphinx-alignment-example/sphinx4/sphinx4-core/build/resources/test/edu/cmu/sphinx/linguist/language/ngram/arpa/test.dic
13:46:14.249 INFO dictionary           Loading filler dictionary from: jar:file:/mnt/c/Users/acarp/Documents/GitHub/AccentClassifyMe/cmusphinx-alignment-example/sphinx4/sphinx4-data/build/libs/sphinx4-data-5prealpha-SNAPSHOT.jar!/edu/cmu/sphinx/models/en-us/en-us/noisedict
13:46:14.249 INFO acousticModelLoader  Loading tied-state acoustic model from: jar:file:/mnt/c/Users/acarp/Documents/GitHub/AccentClassifyMe/cmusphinx-alignment-example/sphinx4/sphinx4-data/build/libs/sphinx4-data-5prealpha-SNAPSHOT.jar!/edu/cmu/sphinx/models/en-us/en-us
13:46:14.249 INFO acousticModelLoader  Pool means Entries: 16128
13:46:14.249 INFO acousticModelLoader  Pool variances Entries: 16128
13:46:14.249 INFO acousticModelLoader  Pool transition_matrices Entries: 42
13:46:14.249 INFO acousticModelLoader  Pool senones Entries: 5126
13:46:14.250 INFO acousticModelLoader  Gaussian weights: mixture_weights. Entries: 15378
13:46:14.250 INFO acousticModelLoader  Pool senones Entries: 5126
13:46:14.250 INFO acousticModelLoader  Context Independent Unit Entries: 42
13:46:14.250 INFO acousticModelLoader  HMM Manager: 137095 hmms
13:46:14.250 INFO acousticModel        CompositeSenoneSequences: 0
13:46:14.406 INFO lexTreeLinguist      Max CI Units 43
13:46:14.406 INFO lexTreeLinguist      Unit table size 79507
13:46:14.406 INFO speedTracker         # ----------------------------- Timers----------------------------------------
13:46:14.406 INFO speedTracker         # Name               Count   CurTime   MinTime   MaxTime   AvgTime   TotTime   
13:46:14.406 INFO speedTracker         Frontend             184     0.0000s   0.0000s   0.0140s   0.0001s   0.0150s   
13:46:14.406 INFO speedTracker         Load AM              1       0.7690s   0.7690s   0.7690s   0.7690s   0.7690s   
13:46:14.407 INFO speedTracker         Load Dictionary      1       0.0670s   0.0670s   0.0670s   0.0670s   0.0670s   
13:46:14.407 INFO speedTracker         Load Dictionary      1       0.0530s   0.0530s   0.0530s   0.0530s   0.0530s   
13:46:14.407 INFO speedTracker         Load Dictionary      1       0.0010s   0.0010s   0.0010s   0.0010s   0.0010s   
13:46:14.407 INFO speedTracker         Compile              1       0.1550s   0.1550s   0.1550s   0.1550s   0.1550s   
13:46:14.407 INFO speedTracker         Load AM              1       1.2040s   1.2040s   1.2040s   1.2040s   1.2040s   
13:46:14.407 INFO speedTracker         Score                364     0.0000s   0.0000s   0.0140s   0.0010s   0.3640s   
13:46:14.408 INFO speedTracker         Prune                1272    0.0000s   0.0000s   0.0020s   0.0000s   0.0040s   
13:46:14.408 INFO speedTracker         Grow                 1274    0.0000s   0.0000s   1.0810s   0.0013s   1.6870s   
13:46:14.408 INFO speedTracker         Compile              1       0.2240s   0.2240s   0.2240s   0.2240s   0.2240s   
13:46:14.587 INFO speedTracker            This  Time Audio: 1.85s  Proc: 0.17s  Speed: 0.09 X real time
13:46:14.587 INFO speedTracker            Total Time Audio: 1.85s  Proc: 0.17s 0.09 X real time
13:46:14.587 INFO memoryTracker           Mem  Total: 856.00 Mb  Free: 200.38 Mb
13:46:14.587 INFO memoryTracker           Used: This: 655.62 Mb  Avg: 655.62 Mb  Max: 655.62 Mb
]]></system-err>
</testsuite>
