<?xml version="1.1" encoding="UTF-8"?>
<testsuite name="edu.cmu.sphinx.linguist.language.ngram.trie.NgramTrieTest" tests="1" failures="0" errors="0" timestamp="2017-04-30T13:46:14" hostname="DESKTOP-UVL8R14" time="6.574">
  <properties/>
  <testcase name="testNgram" classname="edu.cmu.sphinx.linguist.language.ngram.trie.NgramTrieTest" time="6.574"/>
  <system-out><![CDATA[]]></system-out>
  <system-err><![CDATA[Apr 30, 2017 1:46:14 PM edu.cmu.sphinx.linguist.dictionary.TextDictionary allocate
INFO: Loading dictionary from: file:/mnt/c/Users/acarp/Documents/GitHub/AccentClassifyMe/cmusphinx-alignment-example/sphinx4/sphinx4-core/build/resources/test/edu/cmu/sphinx/linguist/language/ngram/trie/100.dict
Apr 30, 2017 1:46:14 PM edu.cmu.sphinx.linguist.dictionary.TextDictionary allocate
INFO: Loading filler dictionary from: jar:file:/mnt/c/Users/acarp/Documents/GitHub/AccentClassifyMe/cmusphinx-alignment-example/sphinx4/sphinx4-data/build/libs/sphinx4-data-5prealpha-SNAPSHOT.jar!/edu/cmu/sphinx/models/en-us/en-us/noisedict
Apr 30, 2017 1:46:14 PM edu.cmu.sphinx.linguist.language.ngram.trie.NgramTrieModel allocate
INFO: Loading n-gram language model from: file:/mnt/c/Users/acarp/Documents/GitHub/AccentClassifyMe/cmusphinx-alignment-example/sphinx4/sphinx4-core/build/resources/test/edu/cmu/sphinx/linguist/language/ngram/trie/100.arpa.bin
]]></system-err>
</testsuite>
