<?xml version="1.1" encoding="UTF-8"?>
<testsuite name="edu.cmu.sphinx.linguist.WordSequenceTest" tests="5" failures="0" errors="0" timestamp="2017-04-30T13:46:22" hostname="DESKTOP-UVL8R14" time="0.011">
  <properties/>
  <testcase name="comparison" classname="edu.cmu.sphinx.linguist.WordSequenceTest" time="0.004"/>
  <testcase name="equals" classname="edu.cmu.sphinx.linguist.WordSequenceTest" time="0.003"/>
  <testcase name="getNewest" classname="edu.cmu.sphinx.linguist.WordSequenceTest" time="0.0"/>
  <testcase name="getOldest" classname="edu.cmu.sphinx.linguist.WordSequenceTest" time="0.003"/>
  <testcase name="unknownWords" classname="edu.cmu.sphinx.linguist.WordSequenceTest" time="0.0"/>
  <system-out><![CDATA[]]></system-out>
  <system-err><![CDATA[Apr 30, 2017 1:46:22 PM edu.cmu.sphinx.linguist.acoustic.UnitManager getUnit
INFO: CI Unit: W
Apr 30, 2017 1:46:22 PM edu.cmu.sphinx.linguist.acoustic.UnitManager getUnit
INFO: CI Unit: AH
Apr 30, 2017 1:46:22 PM edu.cmu.sphinx.linguist.acoustic.UnitManager getUnit
INFO: CI Unit: N
Apr 30, 2017 1:46:22 PM edu.cmu.sphinx.linguist.acoustic.UnitManager getUnit
INFO: CI Unit: HH
Apr 30, 2017 1:46:22 PM edu.cmu.sphinx.linguist.acoustic.UnitManager getUnit
INFO: CI Unit: T
Apr 30, 2017 1:46:22 PM edu.cmu.sphinx.linguist.acoustic.UnitManager getUnit
INFO: CI Unit: UW
Apr 30, 2017 1:46:22 PM edu.cmu.sphinx.linguist.acoustic.UnitManager getUnit
INFO: CI Unit: TH
Apr 30, 2017 1:46:22 PM edu.cmu.sphinx.linguist.acoustic.UnitManager getUnit
INFO: CI Unit: R
Apr 30, 2017 1:46:22 PM edu.cmu.sphinx.linguist.acoustic.UnitManager getUnit
INFO: CI Unit: IY
Apr 30, 2017 1:46:22 PM edu.cmu.sphinx.linguist.acoustic.UnitManager getUnit
INFO: CI Unit: Z
Apr 30, 2017 1:46:22 PM edu.cmu.sphinx.linguist.acoustic.UnitManager getUnit
INFO: CI Unit: IH
Apr 30, 2017 1:46:22 PM edu.cmu.sphinx.linguist.acoustic.UnitManager getUnit
INFO: CI Unit: OW
Apr 30, 2017 1:46:22 PM edu.cmu.sphinx.linguist.acoustic.UnitManager getUnit
INFO: CI Unit: S
Apr 30, 2017 1:46:22 PM edu.cmu.sphinx.linguist.acoustic.UnitManager getUnit
INFO: CI Unit: K
]]></system-err>
</testsuite>
