<?xml version="1.1" encoding="UTF-8"?>
<testsuite name="edu.cmu.sphinx.frontend.FrontendElementTest" tests="7" failures="0" errors="0" timestamp="2017-04-30T13:45:47" hostname="DESKTOP-UVL8R14" time="0.673">
  <properties/>
  <testcase name="testElement" classname="edu.cmu.sphinx.frontend.FrontendElementTest" time="0.186"/>
  <testcase name="testElement" classname="edu.cmu.sphinx.frontend.FrontendElementTest" time="0.165"/>
  <testcase name="testElement" classname="edu.cmu.sphinx.frontend.FrontendElementTest" time="0.132"/>
  <testcase name="testElement" classname="edu.cmu.sphinx.frontend.FrontendElementTest" time="0.043"/>
  <testcase name="testElement" classname="edu.cmu.sphinx.frontend.FrontendElementTest" time="0.041"/>
  <testcase name="testElement" classname="edu.cmu.sphinx.frontend.FrontendElementTest" time="0.041"/>
  <testcase name="testElement" classname="edu.cmu.sphinx.frontend.FrontendElementTest" time="0.065"/>
  <system-out><![CDATA[]]></system-out>
  <system-err><![CDATA[]]></system-err>
</testsuite>
