<?xml version="1.1" encoding="UTF-8"?>
<testsuite name="edu.cmu.sphinx.result.PosteriorTest" tests="1" failures="0" errors="0" timestamp="2017-04-30T13:46:21" hostname="DESKTOP-UVL8R14" time="0.0">
  <properties/>
  <testcase name="testPosterior" classname="edu.cmu.sphinx.result.PosteriorTest" time="0.0"/>
  <system-out><![CDATA[]]></system-out>
  <system-err><![CDATA[]]></system-err>
</testsuite>
