<?xml version="1.1" encoding="UTF-8"?>
<testsuite name="edu.cmu.sphinx.fst.RmEpsilonTest" tests="1" failures="0" errors="0" timestamp="2017-04-30T13:46:21" hostname="DESKTOP-UVL8R14" time="0.007">
  <properties/>
  <testcase name="testRmEpsilon" classname="edu.cmu.sphinx.fst.RmEpsilonTest" time="0.007"/>
  <system-out><![CDATA[]]></system-out>
  <system-err><![CDATA[Load Time: 0.001
]]></system-err>
</testsuite>
