<?xml version="1.1" encoding="UTF-8"?>
<testsuite name="edu.cmu.sphinx.util.props.CMUTests" tests="2" failures="0" errors="0" timestamp="2017-04-30T13:45:46" hostname="DESKTOP-UVL8R14" time="0.082">
  <properties/>
  <testcase name="setComponentPropertyTest" classname="edu.cmu.sphinx.util.props.CMUTests" time="0.069"/>
  <testcase name="testClassTesting" classname="edu.cmu.sphinx.util.props.CMUTests" time="0.012"/>
  <system-out><![CDATA[]]></system-out>
  <system-err><![CDATA[]]></system-err>
</testsuite>
