<?xml version="1.1" encoding="UTF-8"?>
<testsuite name="edu.cmu.sphinx.fst.ArcSortTest" tests="1" failures="0" errors="0" timestamp="2017-04-30T13:45:46" hostname="DESKTOP-UVL8R14" time="0.023">
  <properties/>
  <testcase name="testArcSort" classname="edu.cmu.sphinx.fst.ArcSortTest" time="0.023"/>
  <system-out><![CDATA[]]></system-out>
  <system-err><![CDATA[]]></system-err>
</testsuite>
