<?xml version="1.1" encoding="UTF-8"?>
<testsuite name="edu.cmu.sphinx.frontend.SpeechMarkerTest" tests="1" failures="0" errors="0" timestamp="2017-04-30T13:46:22" hostname="DESKTOP-UVL8R14" time="0.002">
  <properties/>
  <testcase name="testEndWithoutSilence on SpeechMarkerTest" classname="edu.cmu.sphinx.frontend.SpeechMarkerTest" time="0.002"/>
  <system-out><![CDATA[]]></system-out>
  <system-err><![CDATA[]]></system-err>
</testsuite>
