<?xml version="1.1" encoding="UTF-8"?>
<testsuite name="edu.cmu.sphinx.alignment.TextAlignerSmallTest" tests="4" failures="0" errors="0" timestamp="2017-04-30T13:46:22" hostname="DESKTOP-UVL8R14" time="0.002">
  <properties/>
  <testcase name="align" classname="edu.cmu.sphinx.alignment.TextAlignerSmallTest" time="0.0"/>
  <testcase name="align" classname="edu.cmu.sphinx.alignment.TextAlignerSmallTest" time="0.001"/>
  <testcase name="align" classname="edu.cmu.sphinx.alignment.TextAlignerSmallTest" time="0.0"/>
  <testcase name="align" classname="edu.cmu.sphinx.alignment.TextAlignerSmallTest" time="0.001"/>
  <system-out><![CDATA[]]></system-out>
  <system-err><![CDATA[]]></system-err>
</testsuite>
