<?xml version="1.1" encoding="UTF-8"?>
<testsuite name="edu.cmu.sphinx.fst.ComposeTest" tests="1" failures="0" errors="0" timestamp="2017-04-30T13:45:46" hostname="DESKTOP-UVL8R14" time="0.012">
  <properties/>
  <testcase name="testCompose" classname="edu.cmu.sphinx.fst.ComposeTest" time="0.012"/>
  <system-out><![CDATA[]]></system-out>
  <system-err><![CDATA[Load Time: 0.002
]]></system-err>
</testsuite>
