<?xml version="1.1" encoding="UTF-8"?>
<testsuite name="edu.cmu.sphinx.tools.bandwidth.BandDetectorTest" tests="1" failures="0" errors="0" timestamp="2017-04-30T13:45:46" hostname="DESKTOP-UVL8R14" time="0.119">
  <properties/>
  <testcase name="test" classname="edu.cmu.sphinx.tools.bandwidth.BandDetectorTest" time="0.119"/>
  <system-out><![CDATA[]]></system-out>
  <system-err><![CDATA[]]></system-err>
</testsuite>
