<?xml version="1.1" encoding="UTF-8"?>
<testsuite name="edu.cmu.sphinx.util.props.TestConfigurable" tests="3" failures="0" errors="0" timestamp="2017-04-30T13:46:22" hostname="DESKTOP-UVL8R14" time="0.003">
  <properties/>
  <testcase name="testDynamicConfCreationWithoutDefaultProperty" classname="edu.cmu.sphinx.util.props.TestConfigurable" time="0.001"/>
  <testcase name="testNullStringProperty" classname="edu.cmu.sphinx.util.props.TestConfigurable" time="0.001"/>
  <testcase name="testPropSheetFromConfigurableInstance" classname="edu.cmu.sphinx.util.props.TestConfigurable" time="0.001"/>
  <system-out><![CDATA[]]></system-out>
  <system-err><![CDATA[]]></system-err>
</testsuite>
