<?xml version="1.1" encoding="UTF-8"?>
<testsuite name="edu.cmu.sphinx.util.props.ConfigurationManagerTest" tests="6" failures="0" errors="0" timestamp="2017-04-30T13:45:46" hostname="DESKTOP-UVL8R14" time="0.061">
  <properties/>
  <testcase name="testDynamicConfCreation" classname="edu.cmu.sphinx.util.props.ConfigurationManagerTest" time="0.002"/>
  <testcase name="testDynamicConfiguruationChange" classname="edu.cmu.sphinx.util.props.ConfigurationManagerTest" time="0.016"/>
  <testcase name="testGetComponentClass" classname="edu.cmu.sphinx.util.props.ConfigurationManagerTest" time="0.012"/>
  <testcase name="testSerialization" classname="edu.cmu.sphinx.util.props.ConfigurationManagerTest" time="0.016"/>
  <testcase name="testSerializeDynamicConfiguration" classname="edu.cmu.sphinx.util.props.ConfigurationManagerTest" time="0.003"/>
  <testcase name="testXmlExtendedConfiguration" classname="edu.cmu.sphinx.util.props.ConfigurationManagerTest" time="0.011"/>
  <system-out><![CDATA[]]></system-out>
  <system-err><![CDATA[]]></system-err>
</testsuite>
