<?xml version="1.1" encoding="UTF-8"?>
<testsuite name="edu.cmu.sphinx.frontend.AudioDataSourcesTest" tests="3" failures="0" errors="0" timestamp="2017-04-30T13:45:46" hostname="DESKTOP-UVL8R14" time="0.12">
  <properties/>
  <testcase name="test8KhzSource" classname="edu.cmu.sphinx.frontend.AudioDataSourcesTest" time="0.074"/>
  <testcase name="testConcatDataSource" classname="edu.cmu.sphinx.frontend.AudioDataSourcesTest" time="0.024"/>
  <testcase name="testSimpleFileSources" classname="edu.cmu.sphinx.frontend.AudioDataSourcesTest" time="0.021"/>
  <system-out><![CDATA[]]></system-out>
  <system-err><![CDATA[]]></system-err>
</testsuite>
