<?xml version="1.1" encoding="UTF-8"?>
<testsuite name="edu.cmu.sphinx.linguist.language.ngram.large.LargeNgramTest" tests="1" failures="0" errors="0" timestamp="2017-04-30T13:45:47" hostname="DESKTOP-UVL8R14" time="0.035">
  <properties/>
  <testcase name="testNgram" classname="edu.cmu.sphinx.linguist.language.ngram.large.LargeNgramTest" time="0.035"/>
  <system-out><![CDATA[]]></system-out>
  <system-err><![CDATA[Apr 30, 2017 1:45:47 PM edu.cmu.sphinx.linguist.dictionary.TextDictionary allocate
INFO: Loading dictionary from: file:/mnt/c/Users/acarp/Documents/GitHub/AccentClassifyMe/cmusphinx-alignment-example/sphinx4/sphinx4-core/build/resources/test/edu/cmu/sphinx/linguist/language/ngram/large/100.dict
Apr 30, 2017 1:45:47 PM edu.cmu.sphinx.linguist.dictionary.TextDictionary allocate
INFO: Loading filler dictionary from: jar:file:/mnt/c/Users/acarp/Documents/GitHub/AccentClassifyMe/cmusphinx-alignment-example/sphinx4/sphinx4-data/build/libs/sphinx4-data-5prealpha-SNAPSHOT.jar!/edu/cmu/sphinx/models/en-us/en-us/noisedict
Apr 30, 2017 1:45:47 PM edu.cmu.sphinx.linguist.language.ngram.large.LargeNGramModel allocate
INFO: Loading n-gram language model from: file:/mnt/c/Users/acarp/Documents/GitHub/AccentClassifyMe/cmusphinx-alignment-example/sphinx4/sphinx4-core/build/resources/test/edu/cmu/sphinx/linguist/language/ngram/large/100.arpa.dmp
Apr 30, 2017 1:45:47 PM edu.cmu.sphinx.linguist.language.ngram.large.LargeNGramModel allocate
INFO: 1-grams: 9
Apr 30, 2017 1:45:47 PM edu.cmu.sphinx.linguist.language.ngram.large.LargeNGramModel allocate
INFO: 2-grams: 8
Apr 30, 2017 1:45:47 PM edu.cmu.sphinx.linguist.language.ngram.large.LargeNGramModel allocate
INFO: 3-grams: 6
]]></system-err>
</testsuite>
