<?xml version="1.1" encoding="UTF-8"?>
<testsuite name="edu.cmu.sphinx.frontend.RandomSampleRepeater" tests="3" failures="0" errors="0" timestamp="2017-04-30T13:46:21" hostname="DESKTOP-UVL8R14" time="0.003">
  <properties/>
  <testcase name="testInsertAt4 on RandomSampleRepeater" classname="edu.cmu.sphinx.frontend.RandomSampleRepeater" time="0.001"/>
  <testcase name="testInsertAtBlockEnd on RandomSampleRepeater" classname="edu.cmu.sphinx.frontend.RandomSampleRepeater" time="0.001"/>
  <testcase name="testInsertAtZero on RandomSampleRepeater" classname="edu.cmu.sphinx.frontend.RandomSampleRepeater" time="0.001"/>
  <system-out><![CDATA[]]></system-out>
  <system-err><![CDATA[]]></system-err>
</testsuite>
